<?xml version="1.0" encoding="UTF-8"?>
<!-- Generated by org.testng.reporters.JUnitXMLReporter -->
<testsuite hostname="Amarpreets-MBP" name="order" tests="2" failures="1" timestamp="7 Sep 2015 22:17:40 GMT" time="18.978" errors="0">
  <testcase name="loginWithValidCredentials" time="16.082" classname="com.goldstar.test.LoginTest"/>
  <testcase name="signUp" time="0.004" classname="com.goldstar.test.SignUpTest">
    <failure type="java.lang.NullPointerException">
      <![CDATA[java.lang.NullPointerException
	at com.goldstar.main.RegistrationPage.<init>(RegistrationPage.java:21)
	at com.goldstar.test.SignUpTest.signUp(SignUpTest.java:15)
... Removed 24 stack frames]]>
    </failure>
  </testcase> <!-- signUp -->
</testsuite> <!-- order -->
