<?xml version="1.0" encoding="UTF-8"?>
<!-- Generated by org.testng.reporters.JUnitXMLReporter -->
<testsuite hostname="Amarpreets-MBP" name="smoke-test1" tests="1" failures="1" timestamp="7 Sep 2015 23:15:09 GMT" time="2.859" errors="0">
  <testcase name="signUp1" time="0.006" classname="com.goldstar.test.SignUpTest">
    <failure type="java.lang.NullPointerException">
      <![CDATA[java.lang.NullPointerException
	at com.goldstar.main.RegistrationPage.<init>(RegistrationPage.java:21)
	at com.goldstar.test.SignUpTest.signUp1(SignUpTest.java:27)
... Removed 24 stack frames]]>
    </failure>
  </testcase> <!-- signUp1 -->
</testsuite> <!-- smoke-test1 -->
